06/06/21 11:30:20 PM Sunday : <module> : INFO : Launch APP
07/06/21 02:10:12 PM Monday : <module> : INFO : Launch APP
07/06/21 02:11:10 PM Monday : <module> : INFO : Launch APP
07/06/21 03:06:43 PM Monday : <module> : INFO : Launch APP
07/06/21 03:50:43 PM Monday : <module> : INFO : Launch APP
07/06/21 03:50:44 PM Monday : BasePage : INFO : Clicked on element with LocatorType: id and locatorValue: com.code2lead.kwad:id/EnterValue
07/06/21 03:52:33 PM Monday : <module> : INFO : Launch APP
07/06/21 03:52:33 PM Monday : BasePage : INFO : Clicked on element with LocatorType: 'id' and locatorValue: 'com.code2lead.kwad:id/EnterValue'
07/06/21 04:03:35 PM Monday : <module> : INFO : Launch APP
07/06/21 04:03:35 PM Monday : BasePage : INFO : Element with LocatorType: 'id' and locatorValue: 'com.code2lead.kwad:id/EnterValue' is displayed
07/06/21 04:03:35 PM Monday : BasePage : INFO : Clicked on element with LocatorType: 'id' and locatorValue: 'com.code2lead.kwad:id/EnterValue'
07/06/21 04:05:57 PM Monday : <module> : INFO : Launch APP
07/06/21 04:05:58 PM Monday : BasePage : INFO : Element with LocatorType: 'id' and locatorValue: 'com.code2lead.kwad:id/EnterValue' is displayed
07/06/21 04:05:58 PM Monday : BasePage : INFO : Clicked on element with LocatorType: 'id' and locatorValue: 'com.code2lead.kwad:id/EnterValue'
07/06/21 04:06:01 PM Monday : BasePage : INFO : Clicked on element with LocatorType: 'id' and locatorValue: 'com.code2lead.kwad:id/Et1'
07/06/21 04:06:01 PM Monday : BasePage : INFO : Unable to send text on element with LocatorType: 'id' and locatorValue: 'com.code2lead.kwad:id/Et1'
07/06/21 04:07:47 PM Monday : <module> : INFO : Launch APP
07/06/21 04:07:48 PM Monday : BasePage : INFO : Element with LocatorType: 'id' and locatorValue: 'com.code2lead.kwad:id/EnterValue' is displayed
07/06/21 04:07:48 PM Monday : BasePage : INFO : Clicked on element with LocatorType: 'id' and locatorValue: 'com.code2lead.kwad:id/EnterValue'
07/06/21 04:07:49 PM Monday : BasePage : INFO : Unable to send text on element with LocatorType: 'id' and locatorValue: 'com.code2lead.kwad:id/Et1'
07/06/21 04:08:26 PM Monday : <module> : INFO : Launch APP
07/06/21 04:08:26 PM Monday : BasePage : INFO : Element with LocatorType: 'id' and locatorValue: 'com.code2lead.kwad:id/EnterValue' is displayed
07/06/21 04:08:26 PM Monday : BasePage : INFO : Clicked on element with LocatorType: 'id' and locatorValue: 'com.code2lead.kwad:id/EnterValue'
07/06/21 04:08:29 PM Monday : BasePage : INFO : Clicked on element with LocatorType: 'id' and locatorValue: 'com.code2lead.kwad:id/Et1'
07/06/21 04:08:29 PM Monday : BasePage : INFO : Unable to send text on element with LocatorType: 'id' and locatorValue: 'com.code2lead.kwad:id/Et1'
07/06/21 04:09:20 PM Monday : <module> : INFO : Launch APP
07/06/21 04:09:21 PM Monday : BasePage : INFO : Element with LocatorType: 'id' and locatorValue: 'com.code2lead.kwad:id/EnterValue' is displayed
07/06/21 04:09:21 PM Monday : BasePage : INFO : Clicked on element with LocatorType: 'id' and locatorValue: 'com.code2lead.kwad:id/EnterValue'
07/06/21 04:09:23 PM Monday : BasePage : INFO : Clicked on element with LocatorType: 'id' and locatorValue: 'com.code2lead.kwad:id/Et1'
07/06/21 04:09:47 PM Monday : <module> : INFO : Launch APP
07/06/21 04:09:48 PM Monday : BasePage : INFO : Element with LocatorType: 'id' and locatorValue: 'com.code2lead.kwad:id/EnterValue' is displayed
07/06/21 04:09:48 PM Monday : BasePage : INFO : Clicked on element with LocatorType: 'id' and locatorValue: 'com.code2lead.kwad:id/EnterValue'
07/06/21 04:09:49 PM Monday : BasePage : INFO : Clicked on element with LocatorType: 'id' and locatorValue: 'com.code2lead.kwad:id/Et1'
07/06/21 04:09:50 PM Monday : BasePage : INFO : Unable to send text on element with LocatorType: 'id' and locatorValue: 'com.code2lead.kwad:id/Et1'
07/06/21 04:10:57 PM Monday : <module> : INFO : Launch APP
07/06/21 04:10:58 PM Monday : BasePage : INFO : Element with LocatorType: 'id' and locatorValue: 'com.code2lead.kwad:id/EnterValue' is displayed
07/06/21 04:10:58 PM Monday : BasePage : INFO : Clicked on element with LocatorType: 'id' and locatorValue: 'com.code2lead.kwad:id/EnterValue'
07/06/21 04:11:00 PM Monday : BasePage : INFO : Clicked on element with LocatorType: 'id' and locatorValue: 'com.code2lead.kwad:id/Et1'
07/06/21 04:11:02 PM Monday : BasePage : INFO : Unable to send text on element with LocatorType: 'id' and locatorValue: 'com.code2lead.kwad:id/Et1'
07/06/21 04:12:11 PM Monday : <module> : INFO : Launch APP
07/06/21 04:12:12 PM Monday : BasePage : INFO : Element with LocatorType: 'id' and locatorValue: 'com.code2lead.kwad:id/EnterValue' is displayed
07/06/21 04:12:12 PM Monday : BasePage : INFO : Clicked on element with LocatorType: 'id' and locatorValue: 'com.code2lead.kwad:id/EnterValue'
07/06/21 04:12:14 PM Monday : BasePage : INFO : Clicked on element with LocatorType: 'id' and locatorValue: 'com.code2lead.kwad:id/Et1'
07/06/21 04:12:14 PM Monday : BasePage : INFO : Send text on element with LocatorType: 'id' and locatorValue: 'com.code2lead.kwad:id/Et1'
07/06/21 05:23:37 PM Monday : <module> : INFO : Launch APP
07/06/21 05:23:38 PM Monday : BasePage : INFO : Screenshot save to Path: ../screenshots/App_06_07_21_17_23_37.png
07/06/21 05:23:38 PM Monday : BasePage : INFO : Element with LocatorType: 'id' and locatorValue: 'com.code2lead.kwad:id/EnterValue' is displayed
07/06/21 05:23:38 PM Monday : BasePage : INFO : Clicked on element with LocatorType: 'id' and locatorValue: 'com.code2lead.kwad:id/EnterValue'
07/06/21 05:23:40 PM Monday : BasePage : INFO : Clicked on element with LocatorType: 'id' and locatorValue: 'com.code2lead.kwad:id/Et1'
07/06/21 05:23:41 PM Monday : BasePage : INFO : Send text on element with LocatorType: 'id' and locatorValue: 'com.code2lead.kwad:id/Et1'
07/06/21 05:23:42 PM Monday : BasePage : INFO : Screenshot save to Path: ../screenshots/End_06_07_21_17_23_41.png
07/06/21 06:55:14 PM Monday : BasePage : INFO : Clicked on element with LocatorType: 'id' and locatorValue: 'com.code2lead.kwad:id/ContactUs'
07/06/21 06:55:15 PM Monday : BasePage : INFO : Element with LocatorType: 'text' and locatorValue: 'Contact Us form' is displayed
07/06/21 06:55:15 PM Monday : BasePage : INFO : Send text on element with LocatorType: 'id' and locatorValue: 'com.code2lead.kwad:id/Et2'
07/06/21 06:55:16 PM Monday : BasePage : INFO : Send text on element with LocatorType: 'id' and locatorValue: 'com.code2lead.kwad:id/Et3'
07/06/21 06:55:17 PM Monday : BasePage : INFO : Send text on element with LocatorType: 'id' and locatorValue: 'com.code2lead.kwad:id/Et6'
07/06/21 06:55:18 PM Monday : BasePage : INFO : Send text on element with LocatorType: 'id' and locatorValue: 'com.code2lead.kwad:id/Et7'
07/06/21 06:55:29 PM Monday : BasePage : INFO : Unable to click on element with LocatorType: 'text' and locatorValue: 'com.code2lead.kwad:id/Btn2'
07/06/21 06:58:42 PM Monday : BasePage : INFO : Clicked on element with LocatorType: 'id' and locatorValue: 'com.code2lead.kwad:id/ContactUs'
07/06/21 06:58:43 PM Monday : BasePage : INFO : Element with LocatorType: 'text' and locatorValue: 'Contact Us form' is displayed
07/06/21 06:58:43 PM Monday : BasePage : INFO : Send text on element with LocatorType: 'id' and locatorValue: 'com.code2lead.kwad:id/Et2'
07/06/21 06:58:44 PM Monday : BasePage : INFO : Send text on element with LocatorType: 'id' and locatorValue: 'com.code2lead.kwad:id/Et3'
07/06/21 06:58:45 PM Monday : BasePage : INFO : Send text on element with LocatorType: 'id' and locatorValue: 'com.code2lead.kwad:id/Et6'
07/06/21 06:58:46 PM Monday : BasePage : INFO : Send text on element with LocatorType: 'id' and locatorValue: 'com.code2lead.kwad:id/Et7'
07/06/21 06:58:47 PM Monday : BasePage : INFO : Clicked on element with LocatorType: 'id' and locatorValue: 'com.code2lead.kwad:id/Btn2'
07/06/21 07:43:18 PM Monday : BasePage : INFO : Clicked on element with LocatorType: 'id' and locatorValue: 'com.code2lead.kwad:id/ContactUs'
07/06/21 07:43:19 PM Monday : BasePage : INFO : Element with LocatorType: 'text' and locatorValue: 'Contact Us form' is displayed
07/06/21 07:43:20 PM Monday : BasePage : INFO : Send text on element with LocatorType: 'id' and locatorValue: 'com.code2lead.kwad:id/Et2'
07/06/21 07:43:21 PM Monday : BasePage : INFO : Send text on element with LocatorType: 'id' and locatorValue: 'com.code2lead.kwad:id/Et3'
07/06/21 07:43:22 PM Monday : BasePage : INFO : Send text on element with LocatorType: 'id' and locatorValue: 'com.code2lead.kwad:id/Et6'
07/06/21 07:43:23 PM Monday : BasePage : INFO : Send text on element with LocatorType: 'id' and locatorValue: 'com.code2lead.kwad:id/Et7'
07/06/21 07:43:24 PM Monday : BasePage : INFO : Clicked on element with LocatorType: 'id' and locatorValue: 'com.code2lead.kwad:id/Btn2'
07/06/21 07:43:43 PM Monday : BasePage : INFO : Clicked on element with LocatorType: 'id' and locatorValue: 'com.code2lead.kwad:id/ContactUs'
07/06/21 07:43:44 PM Monday : BasePage : INFO : Element with LocatorType: 'text' and locatorValue: 'Contact Us form' is displayed
07/06/21 07:43:45 PM Monday : BasePage : INFO : Send text on element with LocatorType: 'id' and locatorValue: 'com.code2lead.kwad:id/Et2'
07/06/21 07:43:46 PM Monday : BasePage : INFO : Send text on element with LocatorType: 'id' and locatorValue: 'com.code2lead.kwad:id/Et3'
07/06/21 07:43:47 PM Monday : BasePage : INFO : Send text on element with LocatorType: 'id' and locatorValue: 'com.code2lead.kwad:id/Et6'
07/06/21 07:43:48 PM Monday : BasePage : INFO : Send text on element with LocatorType: 'id' and locatorValue: 'com.code2lead.kwad:id/Et7'
07/06/21 07:43:49 PM Monday : BasePage : INFO : Clicked on element with LocatorType: 'id' and locatorValue: 'com.code2lead.kwad:id/Btn2'
07/06/21 07:45:55 PM Monday : BasePage : INFO : Clicked on element with LocatorType: 'id' and locatorValue: 'com.code2lead.kwad:id/ContactUs'
07/06/21 07:45:55 PM Monday : BasePage : INFO : Element with LocatorType: 'text' and locatorValue: 'Contact Us form' is displayed
07/06/21 07:45:56 PM Monday : BasePage : INFO : Send text on element with LocatorType: 'id' and locatorValue: 'com.code2lead.kwad:id/Et2'
07/06/21 07:45:57 PM Monday : BasePage : INFO : Send text on element with LocatorType: 'id' and locatorValue: 'com.code2lead.kwad:id/Et3'
07/06/21 07:45:58 PM Monday : BasePage : INFO : Send text on element with LocatorType: 'id' and locatorValue: 'com.code2lead.kwad:id/Et6'
07/06/21 07:45:59 PM Monday : BasePage : INFO : Send text on element with LocatorType: 'id' and locatorValue: 'com.code2lead.kwad:id/Et7'
07/06/21 07:46:00 PM Monday : BasePage : INFO : Clicked on element with LocatorType: 'id' and locatorValue: 'com.code2lead.kwad:id/Btn2'
07/06/21 08:25:35 PM Monday : BasePage : INFO : Clicked on element with LocatorType: 'id' and locatorValue: 'com.code2lead.kwad:id/ContactUs'
07/06/21 08:25:36 PM Monday : BasePage : INFO : Element with LocatorType: 'text' and locatorValue: 'Contact Us form' is displayed
07/06/21 08:25:37 PM Monday : BasePage : INFO : Send text on element with LocatorType: 'id' and locatorValue: 'com.code2lead.kwad:id/Et2'
07/06/21 08:25:38 PM Monday : BasePage : INFO : Send text on element with LocatorType: 'id' and locatorValue: 'com.code2lead.kwad:id/Et3'
07/06/21 08:25:39 PM Monday : BasePage : INFO : Send text on element with LocatorType: 'id' and locatorValue: 'com.code2lead.kwad:id/Et6'
07/06/21 08:25:40 PM Monday : BasePage : INFO : Send text on element with LocatorType: 'id' and locatorValue: 'com.code2lead.kwad:id/Et7'
07/06/21 08:25:40 PM Monday : BasePage : INFO : Clicked on element with LocatorType: 'id' and locatorValue: 'com.code2lead.kwad:id/Btn2'
08/06/21 01:23:51 PM Tuesday : BasePage : INFO : Clicked on element with LocatorType: 'id' and locatorValue: 'com.code2lead.kwad:id/ContactUs'
08/06/21 01:23:52 PM Tuesday : BasePage : INFO : Element with LocatorType: 'text' and locatorValue: 'Contact Us form' is displayed
08/06/21 01:23:53 PM Tuesday : BasePage : INFO : Send text on element with LocatorType: 'id' and locatorValue: 'com.code2lead.kwad:id/Et2'
08/06/21 01:23:54 PM Tuesday : BasePage : INFO : Send text on element with LocatorType: 'id' and locatorValue: 'com.code2lead.kwad:id/Et3'
08/06/21 01:23:55 PM Tuesday : BasePage : INFO : Send text on element with LocatorType: 'id' and locatorValue: 'com.code2lead.kwad:id/Et6'
08/06/21 01:23:56 PM Tuesday : BasePage : INFO : Send text on element with LocatorType: 'id' and locatorValue: 'com.code2lead.kwad:id/Et7'
08/06/21 01:23:56 PM Tuesday : BasePage : INFO : Clicked on element with LocatorType: 'id' and locatorValue: 'com.code2lead.kwad:id/Btn2'
08/06/21 01:25:03 PM Tuesday : BasePage : INFO : Clicked on element with LocatorType: 'id' and locatorValue: 'com.code2lead.kwad:id/ContactUs'
08/06/21 01:25:04 PM Tuesday : BasePage : INFO : Element with LocatorType: 'text' and locatorValue: 'Contact Us form' is displayed
08/06/21 01:25:04 PM Tuesday : BasePage : INFO : Send text on element with LocatorType: 'id' and locatorValue: 'com.code2lead.kwad:id/Et2'
08/06/21 01:25:05 PM Tuesday : BasePage : INFO : Send text on element with LocatorType: 'id' and locatorValue: 'com.code2lead.kwad:id/Et3'
08/06/21 01:25:06 PM Tuesday : BasePage : INFO : Send text on element with LocatorType: 'id' and locatorValue: 'com.code2lead.kwad:id/Et6'
08/06/21 01:25:17 PM Tuesday : BasePage : INFO : Unable to send text on element with LocatorType: 'id' and locatorValue: 'ABC'
08/06/21 01:26:28 PM Tuesday : BasePage : INFO : Clicked on element with LocatorType: 'id' and locatorValue: 'com.code2lead.kwad:id/ContactUs'
08/06/21 01:26:29 PM Tuesday : BasePage : INFO : Element with LocatorType: 'text' and locatorValue: 'Contact Us form' is displayed
08/06/21 01:26:29 PM Tuesday : BasePage : INFO : Send text on element with LocatorType: 'id' and locatorValue: 'com.code2lead.kwad:id/Et2'
08/06/21 01:26:30 PM Tuesday : BasePage : INFO : Send text on element with LocatorType: 'id' and locatorValue: 'com.code2lead.kwad:id/Et3'
08/06/21 01:26:31 PM Tuesday : BasePage : INFO : Send text on element with LocatorType: 'id' and locatorValue: 'com.code2lead.kwad:id/Et6'
08/06/21 01:26:33 PM Tuesday : BasePage : INFO : Send text on element with LocatorType: 'id' and locatorValue: 'com.code2lead.kwad:id/Et7'
08/06/21 01:26:33 PM Tuesday : BasePage : INFO : Clicked on element with LocatorType: 'id' and locatorValue: 'com.code2lead.kwad:id/Btn2'
08/06/21 01:26:48 PM Tuesday : BasePage : INFO : Clicked on element with LocatorType: 'id' and locatorValue: 'com.code2lead.kwad:id/ContactUs'
08/06/21 01:26:48 PM Tuesday : BasePage : INFO : Element with LocatorType: 'text' and locatorValue: 'Contact Us form' is displayed
08/06/21 01:26:48 PM Tuesday : BasePage : INFO : Send text on element with LocatorType: 'id' and locatorValue: 'com.code2lead.kwad:id/Et2'
08/06/21 01:26:49 PM Tuesday : BasePage : INFO : Send text on element with LocatorType: 'id' and locatorValue: 'com.code2lead.kwad:id/Et3'
08/06/21 01:26:50 PM Tuesday : BasePage : INFO : Send text on element with LocatorType: 'id' and locatorValue: 'com.code2lead.kwad:id/Et6'
08/06/21 01:27:00 PM Tuesday : BasePage : INFO : Unable to send text on element with LocatorType: 'id' and locatorValue: 'self._enterMobileNumber'
08/06/21 01:28:29 PM Tuesday : BasePage : INFO : Clicked on element with LocatorType: 'id' and locatorValue: 'com.code2lead.kwad:id/ContactUs'
08/06/21 01:28:30 PM Tuesday : BasePage : INFO : Element with LocatorType: 'text' and locatorValue: 'Contact Us form' is displayed
08/06/21 01:28:30 PM Tuesday : BasePage : INFO : Send text on element with LocatorType: 'id' and locatorValue: 'com.code2lead.kwad:id/Et2'
08/06/21 01:28:31 PM Tuesday : BasePage : INFO : Send text on element with LocatorType: 'id' and locatorValue: 'com.code2lead.kwad:id/Et3'
08/06/21 01:28:32 PM Tuesday : BasePage : INFO : Send text on element with LocatorType: 'id' and locatorValue: 'com.code2lead.kwad:id/Et6'
08/06/21 01:28:33 PM Tuesday : BasePage : INFO : Send text on element with LocatorType: 'id' and locatorValue: 'com.code2lead.kwad:id/Et7'
08/06/21 01:28:34 PM Tuesday : BasePage : INFO : Clicked on element with LocatorType: 'id' and locatorValue: 'com.code2lead.kwad:id/Btn2'
08/06/21 04:05:13 PM Tuesday : BasePage : INFO : Clicked on element with LocatorType: 'id' and locatorValue: 'com.code2lead.kwad:id/ContactUs'
08/06/21 04:05:14 PM Tuesday : BasePage : INFO : Element with LocatorType: 'text' and locatorValue: 'Contact Us form' is displayed
08/06/21 04:05:26 PM Tuesday : BasePage : INFO : Clicked on element with LocatorType: 'id' and locatorValue: 'com.code2lead.kwad:id/Login'
08/06/21 04:05:28 PM Tuesday : BasePage : INFO : Send text on element with LocatorType: 'id' and locatorValue: 'com.code2lead.kwad:id/Et4'
08/06/21 04:05:29 PM Tuesday : BasePage : INFO : Send text on element with LocatorType: 'id' and locatorValue: 'com.code2lead.kwad:id/Et5'
08/06/21 04:05:29 PM Tuesday : BasePage : INFO : Clicked on element with LocatorType: 'id' and locatorValue: 'com.code2lead.kwad:id/Btn3'
08/06/21 04:05:31 PM Tuesday : BasePage : INFO : Element with LocatorType: 'text' and locatorValue: 'Enter Admin' is displayed
08/06/21 04:05:53 PM Tuesday : BasePage : INFO : Unable to send text on element with LocatorType: 'id' and locatorValue: 'com.code2lead.kwad:id/Et2'
08/06/21 04:06:05 PM Tuesday : BasePage : INFO : Clicked on element with LocatorType: 'id' and locatorValue: 'com.code2lead.kwad:id/Login'
08/06/21 04:06:07 PM Tuesday : BasePage : INFO : Send text on element with LocatorType: 'id' and locatorValue: 'com.code2lead.kwad:id/Et4'
08/06/21 04:06:08 PM Tuesday : BasePage : INFO : Send text on element with LocatorType: 'id' and locatorValue: 'com.code2lead.kwad:id/Et5'
08/06/21 04:06:08 PM Tuesday : BasePage : INFO : Element with LocatorType: 'id' and locatorValue: 'com.code2lead.kwad:id/Tv8' is displayed
08/06/21 04:10:01 PM Tuesday : BasePage : INFO : Clicked on element with LocatorType: 'id' and locatorValue: 'com.code2lead.kwad:id/Login'
08/06/21 04:10:03 PM Tuesday : BasePage : INFO : Send text on element with LocatorType: 'id' and locatorValue: 'com.code2lead.kwad:id/Et4'
08/06/21 04:10:04 PM Tuesday : BasePage : INFO : Send text on element with LocatorType: 'id' and locatorValue: 'com.code2lead.kwad:id/Et5'
08/06/21 04:10:05 PM Tuesday : BasePage : INFO : Clicked on element with LocatorType: 'id' and locatorValue: 'com.code2lead.kwad:id/Btn3'
08/06/21 04:10:06 PM Tuesday : BasePage : INFO : Element with LocatorType: 'text' and locatorValue: 'Enter Admin' is displayed
08/06/21 04:10:16 PM Tuesday : BasePage : INFO : Unable to click on element with LocatorType: 'id' and locatorValue: 'com.code2lead.kwad:id/Login'
08/06/21 04:10:26 PM Tuesday : BasePage : INFO : Unable to send text on element with LocatorType: 'id' and locatorValue: 'com.code2lead.kwad:id/Et4'
08/06/21 04:11:35 PM Tuesday : BasePage : INFO : Clicked on element with LocatorType: 'id' and locatorValue: 'com.code2lead.kwad:id/ContactUs'
08/06/21 04:11:36 PM Tuesday : BasePage : INFO : Element with LocatorType: 'text' and locatorValue: 'Contact Us form' is displayed
08/06/21 04:11:36 PM Tuesday : BasePage : INFO : Send text on element with LocatorType: 'id' and locatorValue: 'com.code2lead.kwad:id/Et2'
08/06/21 04:11:37 PM Tuesday : BasePage : INFO : Send text on element with LocatorType: 'id' and locatorValue: 'com.code2lead.kwad:id/Et3'
08/06/21 04:11:38 PM Tuesday : BasePage : INFO : Send text on element with LocatorType: 'id' and locatorValue: 'com.code2lead.kwad:id/Et6'
08/06/21 04:11:39 PM Tuesday : BasePage : INFO : Send text on element with LocatorType: 'id' and locatorValue: 'com.code2lead.kwad:id/Et7'
08/06/21 04:11:39 PM Tuesday : BasePage : INFO : Clicked on element with LocatorType: 'id' and locatorValue: 'com.code2lead.kwad:id/Btn2'
08/06/21 04:12:11 PM Tuesday : BasePage : INFO : Clicked on element with LocatorType: 'id' and locatorValue: 'com.code2lead.kwad:id/Login'
08/06/21 04:12:12 PM Tuesday : BasePage : INFO : Send text on element with LocatorType: 'id' and locatorValue: 'com.code2lead.kwad:id/Et4'
08/06/21 04:12:13 PM Tuesday : BasePage : INFO : Send text on element with LocatorType: 'id' and locatorValue: 'com.code2lead.kwad:id/Et5'
08/06/21 04:12:14 PM Tuesday : BasePage : INFO : Clicked on element with LocatorType: 'id' and locatorValue: 'com.code2lead.kwad:id/Btn3'
08/06/21 04:12:15 PM Tuesday : BasePage : INFO : Element with LocatorType: 'text' and locatorValue: 'Enter Admin' is displayed
08/06/21 04:13:12 PM Tuesday : BasePage : INFO : Clicked on element with LocatorType: 'id' and locatorValue: 'com.code2lead.kwad:id/Login'
08/06/21 04:13:14 PM Tuesday : BasePage : INFO : Send text on element with LocatorType: 'id' and locatorValue: 'com.code2lead.kwad:id/Et4'
08/06/21 04:13:15 PM Tuesday : BasePage : INFO : Send text on element with LocatorType: 'id' and locatorValue: 'com.code2lead.kwad:id/Et5'
08/06/21 04:13:15 PM Tuesday : BasePage : INFO : Clicked on element with LocatorType: 'id' and locatorValue: 'com.code2lead.kwad:id/Btn3'
08/06/21 04:13:17 PM Tuesday : BasePage : INFO : Send text on element with LocatorType: 'id' and locatorValue: 'com.code2lead.kwad:id/Edt_admin'
08/06/21 04:13:18 PM Tuesday : BasePage : INFO : Clicked on element with LocatorType: 'id' and locatorValue: 'com.code2lead.kwad:id/Btn_admin_sub'
08/06/21 04:14:51 PM Tuesday : BasePage : INFO : Clicked on element with LocatorType: 'id' and locatorValue: 'com.code2lead.kwad:id/ContactUs'
08/06/21 04:14:52 PM Tuesday : BasePage : INFO : Element with LocatorType: 'text' and locatorValue: 'Contact Us form' is displayed
08/06/21 04:15:04 PM Tuesday : BasePage : INFO : Clicked on element with LocatorType: 'id' and locatorValue: 'com.code2lead.kwad:id/Login'
08/06/21 04:15:06 PM Tuesday : BasePage : INFO : Send text on element with LocatorType: 'id' and locatorValue: 'com.code2lead.kwad:id/Et4'
08/06/21 04:15:07 PM Tuesday : BasePage : INFO : Send text on element with LocatorType: 'id' and locatorValue: 'com.code2lead.kwad:id/Et5'
08/06/21 04:15:08 PM Tuesday : BasePage : INFO : Clicked on element with LocatorType: 'id' and locatorValue: 'com.code2lead.kwad:id/Btn3'
08/06/21 04:15:09 PM Tuesday : BasePage : INFO : Send text on element with LocatorType: 'id' and locatorValue: 'com.code2lead.kwad:id/Edt_admin'
08/06/21 04:15:10 PM Tuesday : BasePage : INFO : Clicked on element with LocatorType: 'id' and locatorValue: 'com.code2lead.kwad:id/Btn_admin_sub'
08/06/21 04:15:32 PM Tuesday : BasePage : INFO : Unable to send text on element with LocatorType: 'id' and locatorValue: 'com.code2lead.kwad:id/Et2'
08/06/21 04:15:45 PM Tuesday : BasePage : INFO : Clicked on element with LocatorType: 'id' and locatorValue: 'com.code2lead.kwad:id/Login'
08/06/21 04:15:46 PM Tuesday : BasePage : INFO : Send text on element with LocatorType: 'id' and locatorValue: 'com.code2lead.kwad:id/Et4'
08/06/21 04:15:47 PM Tuesday : BasePage : INFO : Send text on element with LocatorType: 'id' and locatorValue: 'com.code2lead.kwad:id/Et5'
08/06/21 04:15:48 PM Tuesday : BasePage : INFO : Element with LocatorType: 'id' and locatorValue: 'com.code2lead.kwad:id/Tv8' is displayed
08/06/21 04:17:42 PM Tuesday : BasePage : INFO : Clicked on element with LocatorType: 'id' and locatorValue: 'com.code2lead.kwad:id/ContactUs'
08/06/21 04:17:43 PM Tuesday : BasePage : INFO : Element with LocatorType: 'text' and locatorValue: 'Contact Us form' is displayed
08/06/21 04:17:55 PM Tuesday : BasePage : INFO : Clicked on element with LocatorType: 'id' and locatorValue: 'com.code2lead.kwad:id/Login'
08/06/21 04:17:57 PM Tuesday : BasePage : INFO : Send text on element with LocatorType: 'id' and locatorValue: 'com.code2lead.kwad:id/Et4'
08/06/21 04:17:58 PM Tuesday : BasePage : INFO : Send text on element with LocatorType: 'id' and locatorValue: 'com.code2lead.kwad:id/Et5'
08/06/21 04:17:58 PM Tuesday : BasePage : INFO : Clicked on element with LocatorType: 'id' and locatorValue: 'com.code2lead.kwad:id/Btn3'
08/06/21 04:18:00 PM Tuesday : BasePage : INFO : Send text on element with LocatorType: 'id' and locatorValue: 'com.code2lead.kwad:id/Edt_admin'
08/06/21 04:18:01 PM Tuesday : BasePage : INFO : Clicked on element with LocatorType: 'id' and locatorValue: 'com.code2lead.kwad:id/Btn_admin_sub'
08/06/21 04:18:23 PM Tuesday : BasePage : INFO : Unable to send text on element with LocatorType: 'id' and locatorValue: 'com.code2lead.kwad:id/Et2'
08/06/21 04:18:35 PM Tuesday : BasePage : INFO : Clicked on element with LocatorType: 'id' and locatorValue: 'com.code2lead.kwad:id/Login'
08/06/21 04:18:37 PM Tuesday : BasePage : INFO : Send text on element with LocatorType: 'id' and locatorValue: 'com.code2lead.kwad:id/Et4'
08/06/21 04:18:38 PM Tuesday : BasePage : INFO : Send text on element with LocatorType: 'id' and locatorValue: 'com.code2lead.kwad:id/Et5'
08/06/21 04:18:39 PM Tuesday : BasePage : INFO : Element with LocatorType: 'id' and locatorValue: 'com.code2lead.kwad:id/Tv8' is displayed
08/06/21 04:19:23 PM Tuesday : BasePage : INFO : Clicked on element with LocatorType: 'id' and locatorValue: 'com.code2lead.kwad:id/ContactUs'
08/06/21 04:19:23 PM Tuesday : BasePage : INFO : Element with LocatorType: 'text' and locatorValue: 'Contact Us form' is displayed
08/06/21 04:19:35 PM Tuesday : BasePage : INFO : Clicked on element with LocatorType: 'id' and locatorValue: 'com.code2lead.kwad:id/Login'
08/06/21 04:19:37 PM Tuesday : BasePage : INFO : Send text on element with LocatorType: 'id' and locatorValue: 'com.code2lead.kwad:id/Et4'
08/06/21 04:19:38 PM Tuesday : BasePage : INFO : Send text on element with LocatorType: 'id' and locatorValue: 'com.code2lead.kwad:id/Et5'
08/06/21 04:19:39 PM Tuesday : BasePage : INFO : Clicked on element with LocatorType: 'id' and locatorValue: 'com.code2lead.kwad:id/Btn3'
08/06/21 04:19:40 PM Tuesday : BasePage : INFO : Send text on element with LocatorType: 'id' and locatorValue: 'com.code2lead.kwad:id/Edt_admin'
08/06/21 04:19:41 PM Tuesday : BasePage : INFO : Clicked on element with LocatorType: 'id' and locatorValue: 'com.code2lead.kwad:id/Btn_admin_sub'
08/06/21 04:20:03 PM Tuesday : BasePage : INFO : Unable to send text on element with LocatorType: 'id' and locatorValue: 'com.code2lead.kwad:id/Et2'
08/06/21 04:20:16 PM Tuesday : BasePage : INFO : Clicked on element with LocatorType: 'id' and locatorValue: 'com.code2lead.kwad:id/Login'
08/06/21 04:20:17 PM Tuesday : BasePage : INFO : Send text on element with LocatorType: 'id' and locatorValue: 'com.code2lead.kwad:id/Et4'
08/06/21 04:20:18 PM Tuesday : BasePage : INFO : Send text on element with LocatorType: 'id' and locatorValue: 'com.code2lead.kwad:id/Et5'
08/06/21 04:20:19 PM Tuesday : BasePage : INFO : Element with LocatorType: 'id' and locatorValue: 'com.code2lead.kwad:id/Tv8' is displayed
08/06/21 04:21:41 PM Tuesday : BasePage : INFO : Clicked on element with LocatorType: 'id' and locatorValue: 'com.code2lead.kwad:id/Login'
08/06/21 04:21:43 PM Tuesday : BasePage : INFO : Send text on element with LocatorType: 'id' and locatorValue: 'com.code2lead.kwad:id/Et4'
08/06/21 04:21:44 PM Tuesday : BasePage : INFO : Send text on element with LocatorType: 'id' and locatorValue: 'com.code2lead.kwad:id/Et5'
08/06/21 04:21:45 PM Tuesday : BasePage : INFO : Clicked on element with LocatorType: 'id' and locatorValue: 'com.code2lead.kwad:id/Btn3'
08/06/21 04:21:46 PM Tuesday : BasePage : INFO : Send text on element with LocatorType: 'id' and locatorValue: 'com.code2lead.kwad:id/Edt_admin'
08/06/21 04:21:47 PM Tuesday : BasePage : INFO : Clicked on element with LocatorType: 'id' and locatorValue: 'com.code2lead.kwad:id/Btn_admin_sub'
08/06/21 04:21:57 PM Tuesday : BasePage : INFO : Unable to click on element with LocatorType: 'id' and locatorValue: 'com.code2lead.kwad:id/Login'
08/06/21 04:22:07 PM Tuesday : BasePage : INFO : Unable to send text on element with LocatorType: 'id' and locatorValue: 'com.code2lead.kwad:id/Et4'
08/06/21 04:24:29 PM Tuesday : BasePage : INFO : Clicked on element with LocatorType: 'id' and locatorValue: 'com.code2lead.kwad:id/Login'
08/06/21 04:24:30 PM Tuesday : BasePage : INFO : Send text on element with LocatorType: 'id' and locatorValue: 'com.code2lead.kwad:id/Et4'
08/06/21 04:24:31 PM Tuesday : BasePage : INFO : Send text on element with LocatorType: 'id' and locatorValue: 'com.code2lead.kwad:id/Et5'
08/06/21 04:24:32 PM Tuesday : BasePage : INFO : Clicked on element with LocatorType: 'id' and locatorValue: 'com.code2lead.kwad:id/Btn3'
08/06/21 04:24:34 PM Tuesday : BasePage : INFO : Send text on element with LocatorType: 'id' and locatorValue: 'com.code2lead.kwad:id/Edt_admin'
08/06/21 04:24:34 PM Tuesday : BasePage : INFO : Clicked on element with LocatorType: 'id' and locatorValue: 'com.code2lead.kwad:id/Btn_admin_sub'
08/06/21 04:24:45 PM Tuesday : BasePage : INFO : Unable to click on element with LocatorType: 'id' and locatorValue: 'com.code2lead.kwad:id/Login'
08/06/21 04:24:55 PM Tuesday : BasePage : INFO : Unable to send text on element with LocatorType: 'id' and locatorValue: 'com.code2lead.kwad:id/Et4'
08/06/21 04:26:22 PM Tuesday : BasePage : INFO : Clicked on element with LocatorType: 'id' and locatorValue: 'com.code2lead.kwad:id/Login'
08/06/21 04:26:23 PM Tuesday : BasePage : INFO : Send text on element with LocatorType: 'id' and locatorValue: 'com.code2lead.kwad:id/Et4'
08/06/21 04:26:24 PM Tuesday : BasePage : INFO : Send text on element with LocatorType: 'id' and locatorValue: 'com.code2lead.kwad:id/Et5'
08/06/21 04:26:25 PM Tuesday : BasePage : INFO : Clicked on element with LocatorType: 'id' and locatorValue: 'com.code2lead.kwad:id/Btn3'
08/06/21 04:26:27 PM Tuesday : BasePage : INFO : Send text on element with LocatorType: 'id' and locatorValue: 'com.code2lead.kwad:id/Edt_admin'
08/06/21 04:26:27 PM Tuesday : BasePage : INFO : Clicked on element with LocatorType: 'id' and locatorValue: 'com.code2lead.kwad:id/Btn_admin_sub'
08/06/21 04:26:39 PM Tuesday : BasePage : INFO : Unable to click on element with LocatorType: 'id' and locatorValue: 'com.code2lead.kwad:id/Login'
08/06/21 04:26:39 PM Tuesday : BasePage : INFO : Send text on element with LocatorType: 'id' and locatorValue: 'com.code2lead.kwad:id/Et4'
08/06/21 04:26:40 PM Tuesday : BasePage : INFO : Send text on element with LocatorType: 'id' and locatorValue: 'com.code2lead.kwad:id/Et5'
08/06/21 04:26:41 PM Tuesday : BasePage : INFO : Element with LocatorType: 'id' and locatorValue: 'com.code2lead.kwad:id/Tv8' is displayed
08/06/21 04:27:11 PM Tuesday : BasePage : INFO : Clicked on element with LocatorType: 'id' and locatorValue: 'com.code2lead.kwad:id/ContactUs'
08/06/21 04:27:12 PM Tuesday : BasePage : INFO : Element with LocatorType: 'text' and locatorValue: 'Contact Us form' is displayed
08/06/21 04:27:24 PM Tuesday : BasePage : INFO : Clicked on element with LocatorType: 'id' and locatorValue: 'com.code2lead.kwad:id/Login'
08/06/21 04:27:25 PM Tuesday : BasePage : INFO : Send text on element with LocatorType: 'id' and locatorValue: 'com.code2lead.kwad:id/Et4'
08/06/21 04:27:26 PM Tuesday : BasePage : INFO : Send text on element with LocatorType: 'id' and locatorValue: 'com.code2lead.kwad:id/Et5'
08/06/21 04:27:27 PM Tuesday : BasePage : INFO : Clicked on element with LocatorType: 'id' and locatorValue: 'com.code2lead.kwad:id/Btn3'
08/06/21 04:27:29 PM Tuesday : BasePage : INFO : Send text on element with LocatorType: 'id' and locatorValue: 'com.code2lead.kwad:id/Edt_admin'
08/06/21 04:27:29 PM Tuesday : BasePage : INFO : Clicked on element with LocatorType: 'id' and locatorValue: 'com.code2lead.kwad:id/Btn_admin_sub'
08/06/21 04:27:51 PM Tuesday : BasePage : INFO : Unable to send text on element with LocatorType: 'id' and locatorValue: 'com.code2lead.kwad:id/Et2'
08/06/21 04:28:04 PM Tuesday : BasePage : INFO : Unable to click on element with LocatorType: 'id' and locatorValue: 'com.code2lead.kwad:id/Login'
08/06/21 04:28:14 PM Tuesday : BasePage : INFO : Unable to send text on element with LocatorType: 'id' and locatorValue: 'com.code2lead.kwad:id/Et4'
08/06/21 04:28:48 PM Tuesday : BasePage : INFO : Clicked on element with LocatorType: 'id' and locatorValue: 'com.code2lead.kwad:id/ContactUs'
08/06/21 04:28:49 PM Tuesday : BasePage : INFO : Element with LocatorType: 'text' and locatorValue: 'Contact Us form' is displayed
08/06/21 04:28:49 PM Tuesday : BasePage : INFO : Send text on element with LocatorType: 'id' and locatorValue: 'com.code2lead.kwad:id/Et2'
08/06/21 04:28:50 PM Tuesday : BasePage : INFO : Send text on element with LocatorType: 'id' and locatorValue: 'com.code2lead.kwad:id/Et3'
08/06/21 04:28:51 PM Tuesday : BasePage : INFO : Send text on element with LocatorType: 'id' and locatorValue: 'com.code2lead.kwad:id/Et6'
08/06/21 04:28:52 PM Tuesday : BasePage : INFO : Send text on element with LocatorType: 'id' and locatorValue: 'com.code2lead.kwad:id/Et7'
08/06/21 04:28:53 PM Tuesday : BasePage : INFO : Clicked on element with LocatorType: 'id' and locatorValue: 'com.code2lead.kwad:id/Btn2'
08/06/21 05:05:03 PM Tuesday : BasePage : INFO : Clicked on element with LocatorType: 'id' and locatorValue: 'com.code2lead.kwad:id/ContactUs'
08/06/21 05:05:05 PM Tuesday : BasePage : INFO : Element with LocatorType: 'text' and locatorValue: 'Contact Us form' is displayed
08/06/21 05:05:05 PM Tuesday : BasePage : INFO : Send text on element with LocatorType: 'id' and locatorValue: 'com.code2lead.kwad:id/Et2'
08/06/21 05:05:06 PM Tuesday : BasePage : INFO : Send text on element with LocatorType: 'id' and locatorValue: 'com.code2lead.kwad:id/Et3'
08/06/21 05:05:07 PM Tuesday : BasePage : INFO : Send text on element with LocatorType: 'id' and locatorValue: 'com.code2lead.kwad:id/Et6'
08/06/21 05:05:08 PM Tuesday : BasePage : INFO : Send text on element with LocatorType: 'id' and locatorValue: 'com.code2lead.kwad:id/Et7'
08/06/21 05:05:09 PM Tuesday : BasePage : INFO : Clicked on element with LocatorType: 'id' and locatorValue: 'com.code2lead.kwad:id/Btn2'
08/06/21 05:05:31 PM Tuesday : BasePage : INFO : Clicked on element with LocatorType: 'id' and locatorValue: 'com.code2lead.kwad:id/Login'
08/06/21 05:05:33 PM Tuesday : BasePage : INFO : Send text on element with LocatorType: 'id' and locatorValue: 'com.code2lead.kwad:id/Et4'
08/06/21 05:05:34 PM Tuesday : BasePage : INFO : Send text on element with LocatorType: 'id' and locatorValue: 'com.code2lead.kwad:id/Et5'
08/06/21 05:05:34 PM Tuesday : BasePage : INFO : Clicked on element with LocatorType: 'id' and locatorValue: 'com.code2lead.kwad:id/Btn3'
08/06/21 05:05:36 PM Tuesday : BasePage : INFO : Send text on element with LocatorType: 'id' and locatorValue: 'com.code2lead.kwad:id/Edt_admin'
08/06/21 05:05:37 PM Tuesday : BasePage : INFO : Clicked on element with LocatorType: 'id' and locatorValue: 'com.code2lead.kwad:id/Btn_admin_sub'
08/06/21 05:05:48 PM Tuesday : BasePage : INFO : Unable to click on element with LocatorType: 'id' and locatorValue: 'com.code2lead.kwad:id/Login'
08/06/21 05:05:49 PM Tuesday : BasePage : INFO : Send text on element with LocatorType: 'id' and locatorValue: 'com.code2lead.kwad:id/Et4'
08/06/21 05:05:50 PM Tuesday : BasePage : INFO : Send text on element with LocatorType: 'id' and locatorValue: 'com.code2lead.kwad:id/Et5'
08/06/21 05:05:50 PM Tuesday : BasePage : INFO : Element with LocatorType: 'id' and locatorValue: 'com.code2lead.kwad:id/Tv8' is displayed
08/06/21 05:06:11 PM Tuesday : BasePage : INFO : Clicked on element with LocatorType: 'id' and locatorValue: 'com.code2lead.kwad:id/Login'
08/06/21 05:06:13 PM Tuesday : BasePage : INFO : Send text on element with LocatorType: 'id' and locatorValue: 'com.code2lead.kwad:id/Et4'
08/06/21 05:06:14 PM Tuesday : BasePage : INFO : Send text on element with LocatorType: 'id' and locatorValue: 'com.code2lead.kwad:id/Et5'
08/06/21 05:06:14 PM Tuesday : BasePage : INFO : Clicked on element with LocatorType: 'id' and locatorValue: 'com.code2lead.kwad:id/Btn3'
08/06/21 05:06:16 PM Tuesday : BasePage : INFO : Send text on element with LocatorType: 'id' and locatorValue: 'com.code2lead.kwad:id/Edt_admin'
08/06/21 05:06:17 PM Tuesday : BasePage : INFO : Clicked on element with LocatorType: 'id' and locatorValue: 'com.code2lead.kwad:id/Btn_admin_sub'
08/06/21 05:06:28 PM Tuesday : BasePage : INFO : Unable to click on element with LocatorType: 'id' and locatorValue: 'com.code2lead.kwad:id/Login'
08/06/21 05:06:28 PM Tuesday : BasePage : INFO : Send text on element with LocatorType: 'id' and locatorValue: 'com.code2lead.kwad:id/Et4'
08/06/21 05:06:29 PM Tuesday : BasePage : INFO : Send text on element with LocatorType: 'id' and locatorValue: 'com.code2lead.kwad:id/Et5'
08/06/21 05:06:30 PM Tuesday : BasePage : INFO : Element with LocatorType: 'id' and locatorValue: 'com.code2lead.kwad:id/Tv8' is displayed
08/06/21 05:09:20 PM Tuesday : BasePage : INFO : Clicked on element with LocatorType: 'id' and locatorValue: 'com.code2lead.kwad:id/Login'
08/06/21 05:09:21 PM Tuesday : BasePage : INFO : Send text on element with LocatorType: 'id' and locatorValue: 'com.code2lead.kwad:id/Et4'
08/06/21 05:09:22 PM Tuesday : BasePage : INFO : Send text on element with LocatorType: 'id' and locatorValue: 'com.code2lead.kwad:id/Et5'
08/06/21 05:09:23 PM Tuesday : BasePage : INFO : Clicked on element with LocatorType: 'id' and locatorValue: 'com.code2lead.kwad:id/Btn3'
08/06/21 05:09:25 PM Tuesday : BasePage : INFO : Send text on element with LocatorType: 'id' and locatorValue: 'com.code2lead.kwad:id/Edt_admin'
08/06/21 05:09:25 PM Tuesday : BasePage : INFO : Clicked on element with LocatorType: 'id' and locatorValue: 'com.code2lead.kwad:id/Btn_admin_sub'
08/06/21 05:09:37 PM Tuesday : BasePage : INFO : Unable to click on element with LocatorType: 'id' and locatorValue: 'com.code2lead.kwad:id/Login'
08/06/21 05:09:37 PM Tuesday : BasePage : INFO : Send text on element with LocatorType: 'id' and locatorValue: 'com.code2lead.kwad:id/Et4'
08/06/21 05:09:38 PM Tuesday : BasePage : INFO : Send text on element with LocatorType: 'id' and locatorValue: 'com.code2lead.kwad:id/Et5'
08/06/21 05:09:39 PM Tuesday : BasePage : INFO : Element with LocatorType: 'id' and locatorValue: 'com.code2lead.kwad:id/Tv8' is displayed
08/06/21 05:10:49 PM Tuesday : BasePage : INFO : Clicked on element with LocatorType: 'id' and locatorValue: 'com.code2lead.kwad:id/Login'
08/06/21 05:10:51 PM Tuesday : BasePage : INFO : Send text on element with LocatorType: 'id' and locatorValue: 'com.code2lead.kwad:id/Et4'
08/06/21 05:10:52 PM Tuesday : BasePage : INFO : Send text on element with LocatorType: 'id' and locatorValue: 'com.code2lead.kwad:id/Et5'
08/06/21 05:10:53 PM Tuesday : BasePage : INFO : Clicked on element with LocatorType: 'id' and locatorValue: 'com.code2lead.kwad:id/Btn3'
08/06/21 05:10:54 PM Tuesday : BasePage : INFO : Send text on element with LocatorType: 'id' and locatorValue: 'com.code2lead.kwad:id/Edt_admin'
08/06/21 05:10:55 PM Tuesday : BasePage : INFO : Clicked on element with LocatorType: 'id' and locatorValue: 'com.code2lead.kwad:id/Btn_admin_sub'
08/06/21 05:11:06 PM Tuesday : BasePage : INFO : Unable to click on element with LocatorType: 'id' and locatorValue: 'com.code2lead.kwad:id/Login'
08/06/21 05:11:07 PM Tuesday : BasePage : INFO : Send text on element with LocatorType: 'id' and locatorValue: 'com.code2lead.kwad:id/Et4'
08/06/21 05:11:08 PM Tuesday : BasePage : INFO : Send text on element with LocatorType: 'id' and locatorValue: 'com.code2lead.kwad:id/Et5'
08/06/21 05:11:08 PM Tuesday : BasePage : INFO : Element with LocatorType: 'id' and locatorValue: 'com.code2lead.kwad:id/Tv8' is displayed
08/06/21 05:13:56 PM Tuesday : BasePage : INFO : Clicked on element with LocatorType: 'id' and locatorValue: 'com.code2lead.kwad:id/ContactUs'
08/06/21 05:13:57 PM Tuesday : BasePage : INFO : Element with LocatorType: 'text' and locatorValue: 'Contact Us form' is displayed
08/06/21 05:14:11 PM Tuesday : BasePage : INFO : Clicked on element with LocatorType: 'id' and locatorValue: 'com.code2lead.kwad:id/Login'
08/06/21 05:14:12 PM Tuesday : BasePage : INFO : Send text on element with LocatorType: 'id' and locatorValue: 'com.code2lead.kwad:id/Et4'
08/06/21 05:14:13 PM Tuesday : BasePage : INFO : Send text on element with LocatorType: 'id' and locatorValue: 'com.code2lead.kwad:id/Et5'
08/06/21 05:14:14 PM Tuesday : BasePage : INFO : Clicked on element with LocatorType: 'id' and locatorValue: 'com.code2lead.kwad:id/Btn3'
08/06/21 05:14:16 PM Tuesday : BasePage : INFO : Send text on element with LocatorType: 'id' and locatorValue: 'com.code2lead.kwad:id/Edt_admin'
08/06/21 05:14:16 PM Tuesday : BasePage : INFO : Clicked on element with LocatorType: 'id' and locatorValue: 'com.code2lead.kwad:id/Btn_admin_sub'
08/06/21 05:14:39 PM Tuesday : BasePage : INFO : Unable to send text on element with LocatorType: 'id' and locatorValue: 'com.code2lead.kwad:id/Et2'
08/06/21 05:14:52 PM Tuesday : BasePage : INFO : Unable to click on element with LocatorType: 'id' and locatorValue: 'com.code2lead.kwad:id/Login'
08/06/21 05:15:02 PM Tuesday : BasePage : INFO : Unable to send text on element with LocatorType: 'id' and locatorValue: 'com.code2lead.kwad:id/Et4'
08/06/21 05:16:03 PM Tuesday : BasePage : INFO : Clicked on element with LocatorType: 'id' and locatorValue: 'com.code2lead.kwad:id/ContactUs'
08/06/21 05:16:04 PM Tuesday : BasePage : INFO : Element with LocatorType: 'text' and locatorValue: 'Contact Us form' is displayed
08/06/21 05:16:16 PM Tuesday : BasePage : INFO : Clicked on element with LocatorType: 'id' and locatorValue: 'com.code2lead.kwad:id/Login'
08/06/21 05:16:17 PM Tuesday : BasePage : INFO : Send text on element with LocatorType: 'id' and locatorValue: 'com.code2lead.kwad:id/Et4'
08/06/21 05:16:18 PM Tuesday : BasePage : INFO : Send text on element with LocatorType: 'id' and locatorValue: 'com.code2lead.kwad:id/Et5'
08/06/21 05:16:18 PM Tuesday : BasePage : INFO : Clicked on element with LocatorType: 'id' and locatorValue: 'com.code2lead.kwad:id/Btn3'
08/06/21 05:16:20 PM Tuesday : BasePage : INFO : Send text on element with LocatorType: 'id' and locatorValue: 'com.code2lead.kwad:id/Edt_admin'
08/06/21 05:16:20 PM Tuesday : BasePage : INFO : Clicked on element with LocatorType: 'id' and locatorValue: 'com.code2lead.kwad:id/Btn_admin_sub'
08/06/21 05:16:43 PM Tuesday : BasePage : INFO : Unable to send text on element with LocatorType: 'id' and locatorValue: 'com.code2lead.kwad:id/Et2'
08/06/21 05:16:56 PM Tuesday : BasePage : INFO : Unable to click on element with LocatorType: 'id' and locatorValue: 'com.code2lead.kwad:id/Login'
08/06/21 05:17:06 PM Tuesday : BasePage : INFO : Unable to send text on element with LocatorType: 'id' and locatorValue: 'com.code2lead.kwad:id/Et4'
08/06/21 05:17:53 PM Tuesday : BasePage : INFO : Clicked on element with LocatorType: 'id' and locatorValue: 'com.code2lead.kwad:id/Login'
08/06/21 05:17:55 PM Tuesday : BasePage : INFO : Send text on element with LocatorType: 'id' and locatorValue: 'com.code2lead.kwad:id/Et4'
08/06/21 05:17:56 PM Tuesday : BasePage : INFO : Send text on element with LocatorType: 'id' and locatorValue: 'com.code2lead.kwad:id/Et5'
08/06/21 05:17:57 PM Tuesday : BasePage : INFO : Clicked on element with LocatorType: 'id' and locatorValue: 'com.code2lead.kwad:id/Btn3'
08/06/21 05:17:58 PM Tuesday : BasePage : INFO : Send text on element with LocatorType: 'id' and locatorValue: 'com.code2lead.kwad:id/Edt_admin'
08/06/21 05:17:59 PM Tuesday : BasePage : INFO : Clicked on element with LocatorType: 'id' and locatorValue: 'com.code2lead.kwad:id/Btn_admin_sub'
08/06/21 05:18:10 PM Tuesday : BasePage : INFO : Unable to click on element with LocatorType: 'id' and locatorValue: 'com.code2lead.kwad:id/Login'
08/06/21 05:18:10 PM Tuesday : BasePage : INFO : Send text on element with LocatorType: 'id' and locatorValue: 'com.code2lead.kwad:id/Et4'
08/06/21 05:18:12 PM Tuesday : BasePage : INFO : Send text on element with LocatorType: 'id' and locatorValue: 'com.code2lead.kwad:id/Et5'
08/06/21 05:18:12 PM Tuesday : BasePage : INFO : Element with LocatorType: 'id' and locatorValue: 'com.code2lead.kwad:id/Tv8' is displayed
08/06/21 05:19:15 PM Tuesday : BasePage : INFO : Clicked on element with LocatorType: 'id' and locatorValue: 'com.code2lead.kwad:id/Login'
08/06/21 05:19:17 PM Tuesday : BasePage : INFO : Send text on element with LocatorType: 'id' and locatorValue: 'com.code2lead.kwad:id/Et4'
08/06/21 05:19:18 PM Tuesday : BasePage : INFO : Send text on element with LocatorType: 'id' and locatorValue: 'com.code2lead.kwad:id/Et5'
08/06/21 05:19:19 PM Tuesday : BasePage : INFO : Clicked on element with LocatorType: 'id' and locatorValue: 'com.code2lead.kwad:id/Btn3'
08/06/21 05:19:20 PM Tuesday : BasePage : INFO : Send text on element with LocatorType: 'id' and locatorValue: 'com.code2lead.kwad:id/Edt_admin'
08/06/21 05:19:21 PM Tuesday : BasePage : INFO : Clicked on element with LocatorType: 'id' and locatorValue: 'com.code2lead.kwad:id/Btn_admin_sub'
08/06/21 05:19:32 PM Tuesday : BasePage : INFO : Unable to click on element with LocatorType: 'id' and locatorValue: 'com.code2lead.kwad:id/Login'
08/06/21 05:19:42 PM Tuesday : BasePage : INFO : Unable to send text on element with LocatorType: 'id' and locatorValue: 'com.code2lead.kwad:id/Et4'
08/06/21 05:20:09 PM Tuesday : BasePage : INFO : Clicked on element with LocatorType: 'id' and locatorValue: 'com.code2lead.kwad:id/Login'
08/06/21 05:20:11 PM Tuesday : BasePage : INFO : Send text on element with LocatorType: 'id' and locatorValue: 'com.code2lead.kwad:id/Et4'
08/06/21 05:20:12 PM Tuesday : BasePage : INFO : Send text on element with LocatorType: 'id' and locatorValue: 'com.code2lead.kwad:id/Et5'
08/06/21 05:20:13 PM Tuesday : BasePage : INFO : Clicked on element with LocatorType: 'id' and locatorValue: 'com.code2lead.kwad:id/Btn3'
08/06/21 05:20:14 PM Tuesday : BasePage : INFO : Send text on element with LocatorType: 'id' and locatorValue: 'com.code2lead.kwad:id/Edt_admin'
08/06/21 05:20:15 PM Tuesday : BasePage : INFO : Clicked on element with LocatorType: 'id' and locatorValue: 'com.code2lead.kwad:id/Btn_admin_sub'
08/06/21 05:20:27 PM Tuesday : BasePage : INFO : Unable to click on element with LocatorType: 'id' and locatorValue: 'com.code2lead.kwad:id/Login'
08/06/21 05:20:28 PM Tuesday : BasePage : INFO : Send text on element with LocatorType: 'id' and locatorValue: 'com.code2lead.kwad:id/Et4'
08/06/21 05:20:29 PM Tuesday : BasePage : INFO : Send text on element with LocatorType: 'id' and locatorValue: 'com.code2lead.kwad:id/Et5'
08/06/21 05:20:29 PM Tuesday : BasePage : INFO : Element with LocatorType: 'id' and locatorValue: 'com.code2lead.kwad:id/Tv8' is displayed
08/06/21 05:27:04 PM Tuesday : BasePage : INFO : Clicked on element with LocatorType: 'id' and locatorValue: 'com.code2lead.kwad:id/Login'
08/06/21 05:27:06 PM Tuesday : BasePage : INFO : Send text on element with LocatorType: 'id' and locatorValue: 'com.code2lead.kwad:id/Et4'
08/06/21 05:27:07 PM Tuesday : BasePage : INFO : Send text on element with LocatorType: 'id' and locatorValue: 'com.code2lead.kwad:id/Et5'
08/06/21 05:27:07 PM Tuesday : BasePage : INFO : Clicked on element with LocatorType: 'id' and locatorValue: 'com.code2lead.kwad:id/Btn3'
08/06/21 05:27:09 PM Tuesday : BasePage : INFO : Send text on element with LocatorType: 'id' and locatorValue: 'com.code2lead.kwad:id/Edt_admin'
08/06/21 05:27:09 PM Tuesday : BasePage : INFO : Clicked on element with LocatorType: 'id' and locatorValue: 'com.code2lead.kwad:id/Btn_admin_sub'
08/06/21 05:27:21 PM Tuesday : BasePage : INFO : Unable to click on element with LocatorType: 'id' and locatorValue: 'com.code2lead.kwad:id/Login'
08/06/21 05:27:22 PM Tuesday : BasePage : INFO : Send text on element with LocatorType: 'id' and locatorValue: 'com.code2lead.kwad:id/Et4'
08/06/21 05:27:22 PM Tuesday : BasePage : INFO : Send text on element with LocatorType: 'id' and locatorValue: 'com.code2lead.kwad:id/Et5'
08/06/21 05:27:23 PM Tuesday : BasePage : INFO : Element with LocatorType: 'id' and locatorValue: 'com.code2lead.kwad:id/Tv8' is displayed
08/06/21 05:30:58 PM Tuesday : BasePage : INFO : Clicked on element with LocatorType: 'id' and locatorValue: 'com.code2lead.kwad:id/Login'
08/06/21 05:31:00 PM Tuesday : BasePage : INFO : Send text on element with LocatorType: 'id' and locatorValue: 'com.code2lead.kwad:id/Et4'
08/06/21 05:31:01 PM Tuesday : BasePage : INFO : Send text on element with LocatorType: 'id' and locatorValue: 'com.code2lead.kwad:id/Et5'
08/06/21 05:31:02 PM Tuesday : BasePage : INFO : Clicked on element with LocatorType: 'id' and locatorValue: 'com.code2lead.kwad:id/Btn3'
08/06/21 05:31:03 PM Tuesday : BasePage : INFO : Send text on element with LocatorType: 'id' and locatorValue: 'com.code2lead.kwad:id/Edt_admin'
08/06/21 05:31:04 PM Tuesday : BasePage : INFO : Clicked on element with LocatorType: 'id' and locatorValue: 'com.code2lead.kwad:id/Btn_admin_sub'
08/06/21 05:31:15 PM Tuesday : BasePage : INFO : Unable to click on element with LocatorType: 'id' and locatorValue: 'com.code2lead.kwad:id/Login'
08/06/21 05:31:16 PM Tuesday : BasePage : INFO : Send text on element with LocatorType: 'id' and locatorValue: 'com.code2lead.kwad:id/Et4'
08/06/21 05:31:17 PM Tuesday : BasePage : INFO : Send text on element with LocatorType: 'id' and locatorValue: 'com.code2lead.kwad:id/Et5'
08/06/21 05:31:17 PM Tuesday : BasePage : INFO : Element with LocatorType: 'id' and locatorValue: 'com.code2lead.kwad:id/Tv8' is displayed
08/06/21 05:58:42 PM Tuesday : BasePage : INFO : Clicked on element with LocatorType: 'id' and locatorValue: 'com.code2lead.kwad:id/Login'
08/06/21 05:58:44 PM Tuesday : BasePage : INFO : Send text on element with LocatorType: 'id' and locatorValue: 'com.code2lead.kwad:id/Et4'
08/06/21 05:58:45 PM Tuesday : BasePage : INFO : Send text on element with LocatorType: 'id' and locatorValue: 'com.code2lead.kwad:id/Et5'
08/06/21 05:58:45 PM Tuesday : BasePage : INFO : Clicked on element with LocatorType: 'id' and locatorValue: 'com.code2lead.kwad:id/Btn3'
08/06/21 05:58:47 PM Tuesday : BasePage : INFO : Send text on element with LocatorType: 'id' and locatorValue: 'com.code2lead.kwad:id/Edt_admin'
08/06/21 05:58:48 PM Tuesday : BasePage : INFO : Clicked on element with LocatorType: 'id' and locatorValue: 'com.code2lead.kwad:id/Btn_admin_sub'
08/06/21 05:59:00 PM Tuesday : BasePage : INFO : Unable to click on element with LocatorType: 'id' and locatorValue: 'com.code2lead.kwad:id/Login'
08/06/21 05:59:00 PM Tuesday : BasePage : INFO : Send text on element with LocatorType: 'id' and locatorValue: 'com.code2lead.kwad:id/Et4'
08/06/21 05:59:01 PM Tuesday : BasePage : INFO : Send text on element with LocatorType: 'id' and locatorValue: 'com.code2lead.kwad:id/Et5'
08/06/21 05:59:02 PM Tuesday : BasePage : INFO : Element with LocatorType: 'id' and locatorValue: 'com.code2lead.kwad:id/Tv8' is displayed
08/06/21 05:59:14 PM Tuesday : BasePage : INFO : Clicked on element with LocatorType: 'id' and locatorValue: 'com.code2lead.kwad:id/ContactUs'
08/06/21 05:59:15 PM Tuesday : BasePage : INFO : Element with LocatorType: 'text' and locatorValue: 'Contact Us form' is displayed
08/06/21 05:59:16 PM Tuesday : BasePage : INFO : Send text on element with LocatorType: 'id' and locatorValue: 'com.code2lead.kwad:id/Et2'
08/06/21 05:59:17 PM Tuesday : BasePage : INFO : Send text on element with LocatorType: 'id' and locatorValue: 'com.code2lead.kwad:id/Et3'
08/06/21 05:59:18 PM Tuesday : BasePage : INFO : Send text on element with LocatorType: 'id' and locatorValue: 'com.code2lead.kwad:id/Et6'
08/06/21 05:59:19 PM Tuesday : BasePage : INFO : Send text on element with LocatorType: 'id' and locatorValue: 'com.code2lead.kwad:id/Et7'
08/06/21 05:59:19 PM Tuesday : BasePage : INFO : Clicked on element with LocatorType: 'id' and locatorValue: 'com.code2lead.kwad:id/Btn2'
08/06/21 05:59:43 PM Tuesday : BasePage : INFO : Clicked on element with LocatorType: 'id' and locatorValue: 'com.code2lead.kwad:id/Login'
08/06/21 05:59:45 PM Tuesday : BasePage : INFO : Send text on element with LocatorType: 'id' and locatorValue: 'com.code2lead.kwad:id/Et4'
08/06/21 05:59:46 PM Tuesday : BasePage : INFO : Send text on element with LocatorType: 'id' and locatorValue: 'com.code2lead.kwad:id/Et5'
08/06/21 05:59:46 PM Tuesday : BasePage : INFO : Clicked on element with LocatorType: 'id' and locatorValue: 'com.code2lead.kwad:id/Btn3'
08/06/21 05:59:48 PM Tuesday : BasePage : INFO : Send text on element with LocatorType: 'id' and locatorValue: 'com.code2lead.kwad:id/Edt_admin'
08/06/21 05:59:49 PM Tuesday : BasePage : INFO : Clicked on element with LocatorType: 'id' and locatorValue: 'com.code2lead.kwad:id/Btn_admin_sub'
08/06/21 06:00:01 PM Tuesday : BasePage : INFO : Unable to click on element with LocatorType: 'id' and locatorValue: 'com.code2lead.kwad:id/Login'
08/06/21 06:00:01 PM Tuesday : BasePage : INFO : Send text on element with LocatorType: 'id' and locatorValue: 'com.code2lead.kwad:id/Et4'
08/06/21 06:00:03 PM Tuesday : BasePage : INFO : Send text on element with LocatorType: 'id' and locatorValue: 'com.code2lead.kwad:id/Et5'
08/06/21 06:00:03 PM Tuesday : BasePage : INFO : Element with LocatorType: 'id' and locatorValue: 'com.code2lead.kwad:id/Tv8' is displayed
08/06/21 06:00:16 PM Tuesday : BasePage : INFO : Clicked on element with LocatorType: 'id' and locatorValue: 'com.code2lead.kwad:id/ContactUs'
08/06/21 06:00:17 PM Tuesday : BasePage : INFO : Element with LocatorType: 'text' and locatorValue: 'Contact Us form' is displayed
08/06/21 06:00:17 PM Tuesday : BasePage : INFO : Send text on element with LocatorType: 'id' and locatorValue: 'com.code2lead.kwad:id/Et2'
08/06/21 06:00:18 PM Tuesday : BasePage : INFO : Send text on element with LocatorType: 'id' and locatorValue: 'com.code2lead.kwad:id/Et3'
08/06/21 06:00:19 PM Tuesday : BasePage : INFO : Send text on element with LocatorType: 'id' and locatorValue: 'com.code2lead.kwad:id/Et6'
08/06/21 06:00:20 PM Tuesday : BasePage : INFO : Send text on element with LocatorType: 'id' and locatorValue: 'com.code2lead.kwad:id/Et7'
08/06/21 06:00:21 PM Tuesday : BasePage : INFO : Clicked on element with LocatorType: 'id' and locatorValue: 'com.code2lead.kwad:id/Btn2'
